veridium-sdk/veridium-fourf-authenticator-ui/veridium-fourf-authenticator-ui/build/intermediates/manifest_merge_blame_file/debug/manifest-merger-blame-debug-report.txt
1<?xml version="1.0" encoding="utf-8"?>
2<manifest xmlns:android="http://schemas.android.com/apk/res/android"
3    package="com.veridiumid.sdk.fourf.ui.authenticator"
4    android:versionName="1.0.1" >
5
6    <uses-sdk
7        android:minSdkVersion="19"
7-->src\main\AndroidManifest.xml
8        android:targetSdkVersion="28" />
8-->src\main\AndroidManifest.xml
9
10    <uses-permission android:name="android.permission.VIBRATE" />
10-->src\main\AndroidManifest.xml:4:5-66
10-->src\main\AndroidManifest.xml:4:22-63
11
12</manifest>